{
  "stats": {
    "suites": 1,
    "tests": 5,
    "passes": 5,
    "pending": 0,
    "failures": 0,
    "start": "2022-07-18T20:35:50.215Z",
    "end": "2022-07-18T20:35:59.282Z",
    "duration": 9067,
    "testsRegistered": 5,
    "passPercent": 100,
    "pendingPercent": 0,
    "other": 0,
    "hasOther": false,
    "skipped": 0,
    "hasSkipped": false
  },
  "results": [
    {
      "uuid": "02e49abd-2d9a-426e-9763-6229fd43e21b",
      "title": "",
      "fullFile": "cypress\\e2e\\3-alurapic\\alurapic.cy.js",
      "file": "cypress\\e2e\\3-alurapic\\alurapic.cy.js",
      "beforeHooks": [],
      "afterHooks": [],
      "tests": [],
      "suites": [
        {
          "uuid": "03148360-e0c2-47d7-9d6c-6c121ce1e0ae",
          "title": "Login e registro de usuários Alurapic",
          "fullFile": "",
          "file": "",
          "beforeHooks": [],
          "afterHooks": [],
          "tests": [
            {
              "title": "verifica mensagens de validação",
              "fullTitle": "Login e registro de usuários Alurapic verifica mensagens de validação",
              "timedOut": null,
              "duration": 1928,
              "state": "passed",
              "speed": "fast",
              "pass": true,
              "fail": false,
              "pending": false,
              "context": null,
              "code": "cy.contains('a', 'Register now').click();\ncy.contains('button', 'Register').click();\ncy.contains('ap-vmessage', 'Email is required!').should('be.visible');\ncy.contains('button', 'Register').click();\ncy.contains('ap-vmessage', 'User name is required!').should('be.visible');\ncy.contains('ap-vmessage', 'Password is required!').should('be.visible');\ncy.contains('ap-vmessage', 'Full name is required!').should('be.visible');",
              "err": {},
              "uuid": "3e9b2cec-90ec-4fff-b16c-85b37ee879f2",
              "parentUUID": "03148360-e0c2-47d7-9d6c-6c121ce1e0ae",
              "isHook": false,
              "skipped": false
            },
            {
              "title": "verifica mensagem de e-mail inválido",
              "fullTitle": "Login e registro de usuários Alurapic verifica mensagem de e-mail inválido",
              "timedOut": null,
              "duration": 1400,
              "state": "passed",
              "speed": "fast",
              "pass": true,
              "fail": false,
              "pending": false,
              "context": null,
              "code": "cy.contains('a', 'Register now').click();\ncy.contains('button', 'Register').click();\ncy.get('input[formcontrolname=\"email\"]').type('marcelo');\ncy.contains('ap-vmessage', 'Invalid e-mail').should('be.visible');",
              "err": {},
              "uuid": "65d7a218-5c54-4696-a7bc-db0d509443d2",
              "parentUUID": "03148360-e0c2-47d7-9d6c-6c121ce1e0ae",
              "isHook": false,
              "skipped": false
            },
            {
              "title": "verifica mensagem de nome completo curto demais",
              "fullTitle": "Login e registro de usuários Alurapic verifica mensagem de nome completo curto demais",
              "timedOut": null,
              "duration": 1059,
              "state": "passed",
              "speed": "fast",
              "pass": true,
              "fail": false,
              "pending": false,
              "context": null,
              "code": "cy.contains('a', 'Register now').click();\ncy.contains('button', 'Register').click();\ncy.get('input[formcontrolname=\"fullName\"]').type('a');\ncy.contains('button', 'Register').click();\ncy.contains('ap-vmessage', 'Mininum length is 2').should('be.visible');",
              "err": {},
              "uuid": "3fa3dd81-89be-4a8d-93ec-7673d59f7ba3",
              "parentUUID": "03148360-e0c2-47d7-9d6c-6c121ce1e0ae",
              "isHook": false,
              "skipped": false
            },
            {
              "title": "verifica mensagem de nome de usuário com letra maiúscula",
              "fullTitle": "Login e registro de usuários Alurapic verifica mensagem de nome de usuário com letra maiúscula",
              "timedOut": null,
              "duration": 1201,
              "state": "passed",
              "speed": "fast",
              "pass": true,
              "fail": false,
              "pending": false,
              "context": null,
              "code": "cy.contains('a', 'Register now').click();\ncy.contains('button', 'Register').click();\ncy.get('input[formcontrolname=\"userName\"]').type('GloryLaFlare');\ncy.contains('button', 'Register').click();\ncy.contains('ap-vmessage', 'Must be lower case').should('be.visible');",
              "err": {},
              "uuid": "29fcb7a4-063f-4dc1-977e-899cfb08c2b8",
              "parentUUID": "03148360-e0c2-47d7-9d6c-6c121ce1e0ae",
              "isHook": false,
              "skipped": false
            },
            {
              "title": "verifica mensagem de senha com menos de 8 caracteres",
              "fullTitle": "Login e registro de usuários Alurapic verifica mensagem de senha com menos de 8 caracteres",
              "timedOut": null,
              "duration": 1089,
              "state": "passed",
              "speed": "fast",
              "pass": true,
              "fail": false,
              "pending": false,
              "context": null,
              "code": "cy.contains('a', 'Register now').click();\ncy.contains('button', 'Register').click();\ncy.get('input[formcontrolname=\"password\"]').type('123');\ncy.contains('button', 'Register').click();\ncy.contains('ap-vmessage', 'Mininum length is 8').should('be.visible');",
              "err": {},
              "uuid": "11f6b477-6366-49e4-a3f9-4ad0f504b4de",
              "parentUUID": "03148360-e0c2-47d7-9d6c-6c121ce1e0ae",
              "isHook": false,
              "skipped": false
            }
          ],
          "suites": [],
          "passes": [
            "3e9b2cec-90ec-4fff-b16c-85b37ee879f2",
            "65d7a218-5c54-4696-a7bc-db0d509443d2",
            "3fa3dd81-89be-4a8d-93ec-7673d59f7ba3",
            "29fcb7a4-063f-4dc1-977e-899cfb08c2b8",
            "11f6b477-6366-49e4-a3f9-4ad0f504b4de"
          ],
          "failures": [],
          "pending": [],
          "skipped": [],
          "duration": 6677,
          "root": false,
          "rootEmpty": false,
          "_timeout": 2000
        }
      ],
      "passes": [],
      "failures": [],
      "pending": [],
      "skipped": [],
      "duration": 0,
      "root": true,
      "rootEmpty": true,
      "_timeout": 2000
    }
  ],
  "meta": {
    "mocha": {
      "version": "7.0.1"
    },
    "mochawesome": {
      "options": {
        "quiet": false,
        "reportFilename": "mochawesome",
        "saveHtml": true,
        "saveJson": true,
        "consoleReporter": "spec",
        "useInlineDiffs": false,
        "code": true
      },
      "version": "7.1.3"
    },
    "marge": {
      "options": null,
      "version": "6.2.0"
    }
  }
}